>kpsMII:10:UCVU01000128
>kpsMII:12:DQ242482
>kpsMII:13:FN554766
>kpsMII:14:AQDS01000134
>kpsMII:14:MG736912
>kpsMII:15:UDAK01000005
>kpsMII:19:JHDF01000027
>kpsMII:1:UGAW01000001
>kpsMII:20:APXW01000155
>kpsMII:21:CP015834
>kpsMII:26:QONK01000308
>kpsMII:29:UCTZ01000002
>kpsMII:2:CXWG01000031
>kpsMII:2:JMGQ01000109
>kpsMII:38:QOOR01000049
>kpsMII:3:JORM01000037
>kpsMII:4:QMGM01000001
>kpsMII:5:JNMN01000029
>kpsMII:6:QOLT01000089
>kpsMII:7:QOOE01000085
>kpsMII:8:GG771940
>kpsMII:8:JNNG01000154
>kpsMII:9:UGFM01000001
